<?xml version="1.0" encoding="UTF-8"?>
<testng-results ignored="0" total="19" passed="18" failed="1" skipped="0">
  <reporter-output>
  </reporter-output>
  <suite started-at="2024-09-29T05:01:03 GMT-07:00" name="All Test Suite" finished-at="2024-09-29T05:01:19 GMT-07:00" duration-ms="16716">
    <groups>
    </groups>
    <test started-at="2024-09-29T05:01:03 GMT-07:00" name="F:/RestAPIAutoEcomm/src/test/java/com/conduit/request/ApiTest" finished-at="2024-09-29T05:01:19 GMT-07:00" duration-ms="16716">
      <class name="com.conduit.request.ApiTest.articleAPITest">
        <test-method signature="createNewArticle()[pri:0, instance:com.conduit.request.ApiTest.articleAPITest@5922d3e9]" started-at="2024-09-29T05:01:09 GMT-07:00" name="createNewArticle" finished-at="2024-09-29T05:01:10 GMT-07:00" duration-ms="871" status="PASS">
          <reporter-output>
          </reporter-output>
        </test-method> <!-- createNewArticle -->
        <test-method signature="createNewArticleViaTemplate(com.conduit.request.Pojo.Request.Article)[pri:0, instance:com.conduit.request.ApiTest.articleAPITest@5922d3e9]" started-at="2024-09-29T05:01:10 GMT-07:00" name="createNewArticleViaTemplate" data-provider="getArticleTemplate" finished-at="2024-09-29T05:01:11 GMT-07:00" duration-ms="880" status="PASS">
          <params>
            <param index="0">
              <value>
                <![CDATA[com.conduit.request.Pojo.Request.Article@7262f848]]>
              </value>
            </param>
          </params>
          <reporter-output>
          </reporter-output>
        </test-method> <!-- createNewArticleViaTemplate -->
        <test-method signature="createNewArticleRequestSchemaValidation()[pri:0, instance:com.conduit.request.ApiTest.articleAPITest@5922d3e9]" started-at="2024-09-29T05:01:11 GMT-07:00" name="createNewArticleRequestSchemaValidation" finished-at="2024-09-29T05:01:11 GMT-07:00" duration-ms="56" status="PASS">
          <reporter-output>
          </reporter-output>
        </test-method> <!-- createNewArticleRequestSchemaValidation -->
        <test-method signature="createNewArticleRequestNegativeSchemaValidation()[pri:0, instance:com.conduit.request.ApiTest.articleAPITest@5922d3e9]" started-at="2024-09-29T05:01:11 GMT-07:00" name="createNewArticleRequestNegativeSchemaValidation" finished-at="2024-09-29T05:01:11 GMT-07:00" duration-ms="5" status="PASS">
          <reporter-output>
          </reporter-output>
        </test-method> <!-- createNewArticleRequestNegativeSchemaValidation -->
        <test-method signature="createNewArticleResponseSchemaValidation(com.conduit.request.Pojo.Request.Article)[pri:0, instance:com.conduit.request.ApiTest.articleAPITest@5922d3e9]" started-at="2024-09-29T05:01:11 GMT-07:00" name="createNewArticleResponseSchemaValidation" data-provider="getArticleTemplate" finished-at="2024-09-29T05:01:12 GMT-07:00" duration-ms="1242" status="PASS">
          <params>
            <param index="0">
              <value>
                <![CDATA[com.conduit.request.Pojo.Request.Article@5066442d]]>
              </value>
            </param>
          </params>
          <reporter-output>
          </reporter-output>
        </test-method> <!-- createNewArticleResponseSchemaValidation -->
        <test-method signature="createNewArticleResponseNegativeSchemaValidation(com.conduit.request.Pojo.Request.Article)[pri:0, instance:com.conduit.request.ApiTest.articleAPITest@5922d3e9]" started-at="2024-09-29T05:01:12 GMT-07:00" name="createNewArticleResponseNegativeSchemaValidation" data-provider="getArticleTemplate" finished-at="2024-09-29T05:01:13 GMT-07:00" duration-ms="925" status="PASS">
          <params>
            <param index="0">
              <value>
                <![CDATA[com.conduit.request.Pojo.Request.Article@51406cdd]]>
              </value>
            </param>
          </params>
          <reporter-output>
          </reporter-output>
        </test-method> <!-- createNewArticleResponseNegativeSchemaValidation -->
      </class> <!-- com.conduit.request.ApiTest.articleAPITest -->
      <class name="com.conduit.request.ApiTest.articleAPITestWithBeforeSuiteSetup">
        <test-method signature="createNewArticle()[pri:0, instance:com.conduit.request.ApiTest.articleAPITestWithBeforeSuiteSetup@45cd8607]" started-at="2024-09-29T05:01:13 GMT-07:00" name="createNewArticle" finished-at="2024-09-29T05:01:14 GMT-07:00" duration-ms="889" status="PASS">
          <reporter-output>
          </reporter-output>
        </test-method> <!-- createNewArticle -->
        <test-method signature="createNewArticleViaTemplate(com.conduit.request.Pojo.Request.Article)[pri:0, instance:com.conduit.request.ApiTest.articleAPITestWithBeforeSuiteSetup@45cd8607]" started-at="2024-09-29T05:01:14 GMT-07:00" name="createNewArticleViaTemplate" data-provider="getArticleTemplate" finished-at="2024-09-29T05:01:14 GMT-07:00" duration-ms="823" status="PASS">
          <params>
            <param index="0">
              <value>
                <![CDATA[com.conduit.request.Pojo.Request.Article@2d86f17b]]>
              </value>
            </param>
          </params>
          <reporter-output>
          </reporter-output>
        </test-method> <!-- createNewArticleViaTemplate -->
        <test-method signature="createNewArticleRequestSchemaValidation()[pri:0, instance:com.conduit.request.ApiTest.articleAPITestWithBeforeSuiteSetup@45cd8607]" started-at="2024-09-29T05:01:14 GMT-07:00" name="createNewArticleRequestSchemaValidation" finished-at="2024-09-29T05:01:14 GMT-07:00" duration-ms="5" status="PASS">
          <reporter-output>
          </reporter-output>
        </test-method> <!-- createNewArticleRequestSchemaValidation -->
        <test-method signature="createNewArticleRequestNegativeSchemaValidation()[pri:0, instance:com.conduit.request.ApiTest.articleAPITestWithBeforeSuiteSetup@45cd8607]" started-at="2024-09-29T05:01:14 GMT-07:00" name="createNewArticleRequestNegativeSchemaValidation" finished-at="2024-09-29T05:01:14 GMT-07:00" duration-ms="4" status="PASS">
          <reporter-output>
          </reporter-output>
        </test-method> <!-- createNewArticleRequestNegativeSchemaValidation -->
        <test-method signature="createNewArticleResponseSchemaValidation(com.conduit.request.Pojo.Request.Article)[pri:0, instance:com.conduit.request.ApiTest.articleAPITestWithBeforeSuiteSetup@45cd8607]" started-at="2024-09-29T05:01:14 GMT-07:00" name="createNewArticleResponseSchemaValidation" data-provider="getArticleTemplate" finished-at="2024-09-29T05:01:15 GMT-07:00" duration-ms="828" status="PASS">
          <params>
            <param index="0">
              <value>
                <![CDATA[com.conduit.request.Pojo.Request.Article@340572ad]]>
              </value>
            </param>
          </params>
          <reporter-output>
          </reporter-output>
        </test-method> <!-- createNewArticleResponseSchemaValidation -->
        <test-method signature="createNewArticleResponseNegativeSchemaValidation(com.conduit.request.Pojo.Request.Article)[pri:0, instance:com.conduit.request.ApiTest.articleAPITestWithBeforeSuiteSetup@45cd8607]" started-at="2024-09-29T05:01:15 GMT-07:00" name="createNewArticleResponseNegativeSchemaValidation" data-provider="getArticleTemplate" finished-at="2024-09-29T05:01:16 GMT-07:00" duration-ms="864" status="PASS">
          <params>
            <param index="0">
              <value>
                <![CDATA[com.conduit.request.Pojo.Request.Article@4a716a73]]>
              </value>
            </param>
          </params>
          <reporter-output>
          </reporter-output>
        </test-method> <!-- createNewArticleResponseNegativeSchemaValidation -->
      </class> <!-- com.conduit.request.ApiTest.articleAPITestWithBeforeSuiteSetup -->
      <class name="com.conduit.request.ApiTest.loginApiTest">
        <test-method is-config="true" signature="setup()[pri:0, instance:com.conduit.request.ApiTest.loginApiTest@507049f2]" started-at="2024-09-29T05:01:03 GMT-07:00" name="setup" finished-at="2024-09-29T05:01:03 GMT-07:00" duration-ms="27" status="PASS">
          <reporter-output>
          </reporter-output>
        </test-method> <!-- setup -->
        <test-method signature="loginUser()[pri:0, instance:com.conduit.request.ApiTest.loginApiTest@507049f2]" started-at="2024-09-29T05:01:16 GMT-07:00" name="loginUser" finished-at="2024-09-29T05:01:18 GMT-07:00" duration-ms="1327" status="PASS">
          <reporter-output>
          </reporter-output>
        </test-method> <!-- loginUser -->
        <test-method signature="setGetToken()[pri:0, instance:com.conduit.request.ApiTest.loginApiTest@507049f2]" started-at="2024-09-29T05:01:18 GMT-07:00" name="setGetToken" finished-at="2024-09-29T05:01:18 GMT-07:00" duration-ms="943" status="PASS">
          <reporter-output>
          </reporter-output>
        </test-method> <!-- setGetToken -->
      </class> <!-- com.conduit.request.ApiTest.loginApiTest -->
      <class name="com.conduit.request.ApiTest.updateArticleApiTest">
        <test-method signature="updateArticleTest(com.conduit.request.Pojo.Request.UpdateArticle.Article)[pri:0, instance:com.conduit.request.ApiTest.updateArticleApiTest@1bde9a22]" started-at="2024-09-29T05:01:18 GMT-07:00" name="updateArticleTest" data-provider="updateArticleData" finished-at="2024-09-29T05:01:19 GMT-07:00" duration-ms="847" status="PASS">
          <params>
            <param index="0">
              <value>
                <![CDATA[com.conduit.request.Pojo.Request.UpdateArticle.Article@6e4dfd4d]]>
              </value>
            </param>
          </params>
          <reporter-output>
          </reporter-output>
        </test-method> <!-- updateArticleTest -->
      </class> <!-- com.conduit.request.ApiTest.updateArticleApiTest -->
      <class name="com.conduit.request.ApiTest.addCommentAPITest">
        <test-method signature="addCommentAPITest()[pri:0, instance:com.conduit.request.ApiTest.addCommentAPITest@7d3430a7]" started-at="2024-09-29T05:01:07 GMT-07:00" name="addCommentAPITest" finished-at="2024-09-29T05:01:08 GMT-07:00" duration-ms="952" status="PASS">
          <reporter-output>
          </reporter-output>
        </test-method> <!-- addCommentAPITest -->
        <test-method signature="addCommentAPITestViaTemplate(com.conduit.request.Pojo.Request.Comment)[pri:0, instance:com.conduit.request.ApiTest.addCommentAPITest@7d3430a7]" started-at="2024-09-29T05:01:08 GMT-07:00" name="addCommentAPITestViaTemplate" data-provider="getComments" finished-at="2024-09-29T05:01:09 GMT-07:00" duration-ms="850" status="PASS">
          <params>
            <param index="0">
              <value>
                <![CDATA[Comment(body=Optio sed quas neque suscipit adipisci provident pariatur.)]]>
              </value>
            </param>
          </params>
          <reporter-output>
          </reporter-output>
        </test-method> <!-- addCommentAPITestViaTemplate -->
      </class> <!-- com.conduit.request.ApiTest.addCommentAPITest -->
      <class name="com.conduit.request.ApiTest.DeleteArticelApiTest">
        <test-method is-config="true" signature="setup()[pri:0, instance:com.conduit.request.ApiTest.DeleteArticelApiTest@878452d]" started-at="2024-09-29T05:00:56 GMT-07:00" name="setup" finished-at="2024-09-29T05:01:03 GMT-07:00" duration-ms="6914" status="PASS">
          <reporter-output>
          </reporter-output>
        </test-method> <!-- setup -->
        <test-method signature="deleteValidArticleTest()[pri:0, instance:com.conduit.request.ApiTest.DeleteArticelApiTest@878452d]" started-at="2024-09-29T05:01:03 GMT-07:00" name="deleteValidArticleTest" finished-at="2024-09-29T05:01:04 GMT-07:00" duration-ms="1133" status="FAIL">
          <exception class="java.lang.AssertionError">
            <message>
              <![CDATA[expected [204] but found [404]]]>
            </message>
            <full-stacktrace>
              <![CDATA[java.lang.AssertionError: expected [204] but found [404]
at org.testng.Assert.fail(Assert.java:111)
at org.testng.Assert.failNotEquals(Assert.java:1578)
at org.testng.Assert.assertEqualsImpl(Assert.java:150)
at org.testng.Assert.assertEquals(Assert.java:132)
at org.testng.Assert.assertEquals(Assert.java:1419)
at org.testng.Assert.assertEquals(Assert.java:1383)
at org.testng.Assert.assertEquals(Assert.java:1429)
at com.conduit.request.ApiTest.DeleteArticelApiTest.deleteValidArticleTest(DeleteArticelApiTest.java:45)
at java.base/jdk.internal.reflect.NativeMethodAccessorImpl.invoke0(Native Method)
at java.base/jdk.internal.reflect.NativeMethodAccessorImpl.invoke(NativeMethodAccessorImpl.java:77)
at java.base/jdk.internal.reflect.DelegatingMethodAccessorImpl.invoke(DelegatingMethodAccessorImpl.java:43)
at java.base/java.lang.reflect.Method.invoke(Method.java:568)
at org.testng.internal.invokers.MethodInvocationHelper.invokeMethod(MethodInvocationHelper.java:139)
at org.testng.internal.invokers.TestInvoker.invokeMethod(TestInvoker.java:664)
at org.testng.internal.invokers.TestInvoker.invokeTestMethod(TestInvoker.java:227)
at org.testng.internal.invokers.MethodRunner.runInSequence(MethodRunner.java:50)
at org.testng.internal.invokers.TestInvoker$MethodInvocationAgent.invoke(TestInvoker.java:957)
at org.testng.internal.invokers.TestInvoker.invokeTestMethods(TestInvoker.java:200)
at org.testng.internal.invokers.TestMethodWorker.invokeTestMethods(TestMethodWorker.java:148)
at org.testng.internal.invokers.TestMethodWorker.run(TestMethodWorker.java:128)
at java.base/java.util.ArrayList.forEach(ArrayList.java:1511)
at org.testng.TestRunner.privateRun(TestRunner.java:848)
at org.testng.TestRunner.run(TestRunner.java:621)
at org.testng.SuiteRunner.runTest(SuiteRunner.java:443)
at org.testng.SuiteRunner.runSequentially(SuiteRunner.java:437)
at org.testng.SuiteRunner.privateRun(SuiteRunner.java:397)
at org.testng.SuiteRunner.run(SuiteRunner.java:336)
at org.testng.SuiteRunnerWorker.runSuite(SuiteRunnerWorker.java:52)
at org.testng.SuiteRunnerWorker.run(SuiteRunnerWorker.java:95)
at org.testng.TestNG.runSuitesSequentially(TestNG.java:1280)
at org.testng.TestNG.runSuitesLocally(TestNG.java:1200)
at org.testng.TestNG.runSuites(TestNG.java:1114)
at org.testng.TestNG.run(TestNG.java:1082)
at org.apache.maven.surefire.testng.TestNGExecutor.run(TestNGExecutor.java:283)
at org.apache.maven.surefire.testng.TestNGXmlTestSuite.execute(TestNGXmlTestSuite.java:75)
at org.apache.maven.surefire.testng.TestNGProvider.invoke(TestNGProvider.java:120)
at org.apache.maven.surefire.booter.ForkedBooter.invokeProviderInSameClassLoader(ForkedBooter.java:384)
at org.apache.maven.surefire.booter.ForkedBooter.runSuitesInProcess(ForkedBooter.java:345)
at org.apache.maven.surefire.booter.ForkedBooter.execute(ForkedBooter.java:126)
at org.apache.maven.surefire.booter.ForkedBooter.main(ForkedBooter.java:418)
]]>
            </full-stacktrace>
          </exception> <!-- java.lang.AssertionError -->
          <reporter-output>
          </reporter-output>
        </test-method> <!-- deleteValidArticleTest -->
        <test-method signature="getSingleArticleBySlugTestNegative()[pri:0, instance:com.conduit.request.ApiTest.DeleteArticelApiTest@878452d]" started-at="2024-09-29T05:01:04 GMT-07:00" name="getSingleArticleBySlugTestNegative" finished-at="2024-09-29T05:01:07 GMT-07:00" duration-ms="3003" status="PASS">
          <reporter-output>
          </reporter-output>
        </test-method> <!-- getSingleArticleBySlugTestNegative -->
      </class> <!-- com.conduit.request.ApiTest.DeleteArticelApiTest -->
    </test> <!-- F:/RestAPIAutoEcomm/src/test/java/com/conduit/request/ApiTest -->
  </suite> <!-- All Test Suite -->
</testng-results>
