<?xml version="1.0" encoding="UTF-8"?>
<!-- Generated by org.testng.reporters.JUnitXMLReporter -->
<testsuite ignored="4" hostname="DESKTOP-DTAOF7I" failures="1" tests="19" name="F:/RestAPIAutoEcomm/src/test/java/com/conduit/request/ApiTest" time="16.716" errors="0" timestamp="2024-09-29T05:01:19 GMT-07:00">
  <testcase classname="com.conduit.request.ApiTest.DeleteArticelApiTest" name="deleteValidArticleTest" time="1.133">
    <failure type="java.lang.AssertionError" message="expected [204] but found [404]">
      <![CDATA[java.lang.AssertionError: expected [204] but found [404]
at org.testng.Assert.fail(Assert.java:111)
at org.testng.Assert.failNotEquals(Assert.java:1578)
at org.testng.Assert.assertEqualsImpl(Assert.java:150)
at org.testng.Assert.assertEquals(Assert.java:132)
at org.testng.Assert.assertEquals(Assert.java:1419)
at org.testng.Assert.assertEquals(Assert.java:1383)
at org.testng.Assert.assertEquals(Assert.java:1429)
at com.conduit.request.ApiTest.DeleteArticelApiTest.deleteValidArticleTest(DeleteArticelApiTest.java:45)
at java.base/jdk.internal.reflect.NativeMethodAccessorImpl.invoke0(Native Method)
at java.base/jdk.internal.reflect.NativeMethodAccessorImpl.invoke(NativeMethodAccessorImpl.java:77)
at java.base/jdk.internal.reflect.DelegatingMethodAccessorImpl.invoke(DelegatingMethodAccessorImpl.java:43)
at java.base/java.lang.reflect.Method.invoke(Method.java:568)
at org.testng.internal.invokers.MethodInvocationHelper.invokeMethod(MethodInvocationHelper.java:139)
at org.testng.internal.invokers.TestInvoker.invokeMethod(TestInvoker.java:664)
at org.testng.internal.invokers.TestInvoker.invokeTestMethod(TestInvoker.java:227)
at org.testng.internal.invokers.MethodRunner.runInSequence(MethodRunner.java:50)
at org.testng.internal.invokers.TestInvoker$MethodInvocationAgent.invoke(TestInvoker.java:957)
at org.testng.internal.invokers.TestInvoker.invokeTestMethods(TestInvoker.java:200)
at org.testng.internal.invokers.TestMethodWorker.invokeTestMethods(TestMethodWorker.java:148)
at org.testng.internal.invokers.TestMethodWorker.run(TestMethodWorker.java:128)
at java.base/java.util.ArrayList.forEach(ArrayList.java:1511)
at org.testng.TestRunner.privateRun(TestRunner.java:848)
at org.testng.TestRunner.run(TestRunner.java:621)
at org.testng.SuiteRunner.runTest(SuiteRunner.java:443)
at org.testng.SuiteRunner.runSequentially(SuiteRunner.java:437)
at org.testng.SuiteRunner.privateRun(SuiteRunner.java:397)
at org.testng.SuiteRunner.run(SuiteRunner.java:336)
at org.testng.SuiteRunnerWorker.runSuite(SuiteRunnerWorker.java:52)
at org.testng.SuiteRunnerWorker.run(SuiteRunnerWorker.java:95)
at org.testng.TestNG.runSuitesSequentially(TestNG.java:1280)
at org.testng.TestNG.runSuitesLocally(TestNG.java:1200)
at org.testng.TestNG.runSuites(TestNG.java:1114)
at org.testng.TestNG.run(TestNG.java:1082)
at org.apache.maven.surefire.testng.TestNGExecutor.run(TestNGExecutor.java:283)
at org.apache.maven.surefire.testng.TestNGXmlTestSuite.execute(TestNGXmlTestSuite.java:75)
at org.apache.maven.surefire.testng.TestNGProvider.invoke(TestNGProvider.java:120)
at org.apache.maven.surefire.booter.ForkedBooter.invokeProviderInSameClassLoader(ForkedBooter.java:384)
at org.apache.maven.surefire.booter.ForkedBooter.runSuitesInProcess(ForkedBooter.java:345)
at org.apache.maven.surefire.booter.ForkedBooter.execute(ForkedBooter.java:126)
at org.apache.maven.surefire.booter.ForkedBooter.main(ForkedBooter.java:418)
]]>
    </failure>
  </testcase> <!-- deleteValidArticleTest -->
  <testcase classname="com.conduit.request.ApiTest.DeleteArticelApiTest" name="getSingleArticleBySlugTestNegative" time="3.003"/>
  <testcase classname="com.conduit.request.ApiTest.addCommentAPITest" name="addCommentAPITest" time="0.952"/>
  <testcase classname="com.conduit.request.ApiTest.addCommentAPITest" name="addCommentAPITestViaTemplate" time="0.85"/>
  <testcase classname="com.conduit.request.ApiTest.articleAPITest" name="createNewArticle" time="0.871"/>
  <testcase classname="com.conduit.request.ApiTest.articleAPITest" name="createNewArticleViaTemplate" time="0.88"/>
  <testcase classname="com.conduit.request.ApiTest.articleAPITest" name="createNewArticleRequestSchemaValidation" time="0.056"/>
  <testcase classname="com.conduit.request.ApiTest.articleAPITest" name="createNewArticleRequestNegativeSchemaValidation" time="0.005"/>
  <testcase classname="com.conduit.request.ApiTest.articleAPITest" name="createNewArticleResponseSchemaValidation" time="1.242"/>
  <testcase classname="com.conduit.request.ApiTest.articleAPITest" name="createNewArticleResponseNegativeSchemaValidation" time="0.925"/>
  <testcase classname="com.conduit.request.ApiTest.articleAPITestWithBeforeSuiteSetup" name="createNewArticle" time="0.889"/>
  <testcase classname="com.conduit.request.ApiTest.articleAPITestWithBeforeSuiteSetup" name="createNewArticleViaTemplate" time="0.823"/>
  <testcase classname="com.conduit.request.ApiTest.articleAPITestWithBeforeSuiteSetup" name="createNewArticleRequestSchemaValidation" time="0.005"/>
  <testcase classname="com.conduit.request.ApiTest.articleAPITestWithBeforeSuiteSetup" name="createNewArticleRequestNegativeSchemaValidation" time="0.004"/>
  <testcase classname="com.conduit.request.ApiTest.articleAPITestWithBeforeSuiteSetup" name="createNewArticleResponseSchemaValidation" time="0.828"/>
  <testcase classname="com.conduit.request.ApiTest.articleAPITestWithBeforeSuiteSetup" name="createNewArticleResponseNegativeSchemaValidation" time="0.864"/>
  <testcase classname="com.conduit.request.ApiTest.loginApiTest" name="loginUser" time="1.327"/>
  <testcase classname="com.conduit.request.ApiTest.loginApiTest" name="setGetToken" time="0.943"/>
  <testcase classname="com.conduit.request.ApiTest.updateArticleApiTest" name="updateArticleTest" time="0.847"/>
  <testcase classname="com.conduit.request.ApiTestBase" name="@BeforeSuite setup" time="0.0">
    <ignored/>
  </testcase> <!-- @BeforeSuite setup -->
  <testcase classname="com.conduit.request.ApiTestBase" name="@BeforeSuite setup" time="0.0">
    <ignored/>
  </testcase> <!-- @BeforeSuite setup -->
  <testcase classname="com.conduit.request.ApiTestBase" name="@BeforeSuite setup" time="0.0">
    <ignored/>
  </testcase> <!-- @BeforeSuite setup -->
  <testcase classname="com.conduit.request.ApiTestBase" name="@BeforeSuite setup" time="0.0">
    <ignored/>
  </testcase> <!-- @BeforeSuite setup -->
</testsuite> <!-- F:/RestAPIAutoEcomm/src/test/java/com/conduit/request/ApiTest -->
