<html>
<head>
<title>TestNG:  F:/RestAPIAutoEcomm/src/test/java/com/conduit/request/ApiTest</title>
<link href="../testng.css" rel="stylesheet" type="text/css" />
<link href="../my-testng.css" rel="stylesheet" type="text/css" />

<style type="text/css">
.log { display: none;} 
.stack-trace { display: none;} 
</style>
<script type="text/javascript">
<!--
function flip(e) {
  current = e.style.display;
  if (current == 'block') {
    e.style.display = 'none';
    return 0;
  }
  else {
    e.style.display = 'block';
    return 1;
  }
}

function toggleBox(szDivId, elem, msg1, msg2)
{
  var res = -1;  if (document.getElementById) {
    res = flip(document.getElementById(szDivId));
  }
  else if (document.all) {
    // this is the way old msie versions work
    res = flip(document.all[szDivId]);
  }
  if(elem) {
    if(res == 0) elem.innerHTML = msg1; else elem.innerHTML = msg2;
  }

}

function toggleAllBoxes() {
  if (document.getElementsByTagName) {
    d = document.getElementsByTagName('div');
    for (i = 0; i < d.length; i++) {
      if (d[i].className == 'log') {
        flip(d[i]);
      }
    }
  }
}

// -->
</script>

</head>
<body>
<h2 align='center'>F:/RestAPIAutoEcomm/src/test/java/com/conduit/request/ApiTest</h2><table border='1' align="center">
<tr>
<td>Tests passed/Failed/Skipped:</td><td>18/1/0</td>
</tr><tr>
<td>Started on:</td><td>Sun Sep 29 05:01:03 PDT 2024</td>
</tr>
<tr><td>Total time:</td><td>16 seconds (16716 ms)</td>
</tr><tr>
<td>Included groups:</td><td></td>
</tr><tr>
<td>Excluded groups:</td><td></td>
</tr>
</table><p/>
<small><i>(Hover the method name to see the test class name)</i></small><p/>
<table width='100%' border='1' class='invocation-failed'>
<tr><td colspan='4' align='center'><b>FAILED TESTS</b></td></tr>
<tr><td><b>Test method</b></td>
<td><b>Attribute(s)</b></td>
<td width="30%"><b>Exception</b></td>
<td width="10%"><b>Time (seconds)</b></td>
<td><b>Instance</b></td>
</tr>
<tr>
<td title='com.conduit.request.ApiTest.DeleteArticelApiTest.deleteValidArticleTest()'><b>deleteValidArticleTest</b><br>Test class: com.conduit.request.ApiTest.DeleteArticelApiTest</td>
<td><div><pre>java.lang.AssertionError: expected [204] but found [404]
	at org.testng.Assert.fail(Assert.java:111)
	at org.testng.Assert.failNotEquals(Assert.java:1578)
	at org.testng.Assert.assertEqualsImpl(Assert.java:150)
	at org.testng.Assert.assertEquals(Assert.java:132)
	at org.testng.Assert.assertEquals(Assert.java:1419)
	at org.testng.Assert.assertEquals(Assert.java:1383)
	at org.testng.Assert.assertEquals(Assert.java:1429)
	at com.conduit.request.ApiTest.DeleteArticelApiTest.deleteValidArticleTest(DeleteArticelApiTest.java:45)
	at java.base/jdk.internal.reflect.NativeMethodAccessorImpl.invoke0(Native Method)
	at java.base/jdk.internal.reflect.NativeMethodAccessorImpl.invoke(NativeMethodAccessorImpl.java:77)
	at java.base/jdk.internal.reflect.DelegatingMethodAccessorImpl.invoke(DelegatingMethodAccessorImpl.java:43)
	at java.base/java.lang.reflect.Method.invoke(Method.java:568)
	at org.testng.internal.invokers.MethodInvocationHelper.invokeMethod(MethodInvocationHelper.java:139)
	at org.testng.internal.invokers.TestInvoker.invokeMethod(TestInvoker.java:664)
	at org.testng.internal.invokers.TestInvoker.invokeTestMethod(TestInvoker.java:227)
	at org.testng.internal.invokers.MethodRunner.runInSequence(MethodRunner.java:50)
	at org.testng.internal.invokers.TestInvoker$MethodInvocationAgent.invoke(TestInvoker.java:957)
	at org.testng.internal.invokers.TestInvoker.invokeTestMethods(TestInvoker.java:200)
	at org.testng.internal.invokers.TestMethodWorker.invokeTestMethods(TestMethodWorker.java:148)
	at org.testng.internal.invokers.TestMethodWorker.run(TestMethodWorker.java:128)
	at java.base/java.util.ArrayList.forEach(ArrayList.java:1511)
	at org.testng.TestRunner.privateRun(TestRunner.java:848)
	at org.testng.TestRunner.run(TestRunner.java:621)
	at org.testng.SuiteRunner.runTest(SuiteRunner.java:443)
	at org.testng.SuiteRunner.runSequentially(SuiteRunner.java:437)
	at org.testng.SuiteRunner.privateRun(SuiteRunner.java:397)
	at org.testng.SuiteRunner.run(SuiteRunner.java:336)
	at org.testng.SuiteRunnerWorker.runSuite(SuiteRunnerWorker.java:52)
	at org.testng.SuiteRunnerWorker.run(SuiteRunnerWorker.java:95)
	at org.testng.TestNG.runSuitesSequentially(TestNG.java:1280)
	at org.testng.TestNG.runSuitesLocally(TestNG.java:1200)
	at org.testng.TestNG.runSuites(TestNG.java:1114)
	at org.testng.TestNG.run(TestNG.java:1082)
	at org.apache.maven.surefire.testng.TestNGExecutor.run(TestNGExecutor.java:283)
	at org.apache.maven.surefire.testng.TestNGXmlTestSuite.execute(TestNGXmlTestSuite.java:75)
	at org.apache.maven.surefire.testng.TestNGProvider.invoke(TestNGProvider.java:120)
	at org.apache.maven.surefire.booter.ForkedBooter.invokeProviderInSameClassLoader(ForkedBooter.java:384)
	at org.apache.maven.surefire.booter.ForkedBooter.runSuitesInProcess(ForkedBooter.java:345)
	at org.apache.maven.surefire.booter.ForkedBooter.execute(ForkedBooter.java:126)
	at org.apache.maven.surefire.booter.ForkedBooter.main(ForkedBooter.java:418)
</pre></div><a href='#' onClick='toggleBox("stack-trace814470259", this, "Click to show all stack frames", "Click to hide stack frames")'>Click to show all stack frames</a>
<div class='stack-trace' id='stack-trace814470259'><pre>java.lang.AssertionError: expected [204] but found [404]
	at org.testng.Assert.fail(Assert.java:111)
	at org.testng.Assert.failNotEquals(Assert.java:1578)
	at org.testng.Assert.assertEqualsImpl(Assert.java:150)
	at org.testng.Assert.assertEquals(Assert.java:132)
	at org.testng.Assert.assertEquals(Assert.java:1419)
	at org.testng.Assert.assertEquals(Assert.java:1383)
	at org.testng.Assert.assertEquals(Assert.java:1429)
	at com.conduit.request.ApiTest.DeleteArticelApiTest.deleteValidArticleTest(DeleteArticelApiTest.java:45)
	at java.base/jdk.internal.reflect.NativeMethodAccessorImpl.invoke0(Native Method)
	at java.base/jdk.internal.reflect.NativeMethodAccessorImpl.invoke(NativeMethodAccessorImpl.java:77)
	at java.base/jdk.internal.reflect.DelegatingMethodAccessorImpl.invoke(DelegatingMethodAccessorImpl.java:43)
	at java.base/java.lang.reflect.Method.invoke(Method.java:568)
	at org.testng.internal.invokers.MethodInvocationHelper.invokeMethod(MethodInvocationHelper.java:139)
	at org.testng.internal.invokers.TestInvoker.invokeMethod(TestInvoker.java:664)
	at org.testng.internal.invokers.TestInvoker.invokeTestMethod(TestInvoker.java:227)
	at org.testng.internal.invokers.MethodRunner.runInSequence(MethodRunner.java:50)
	at org.testng.internal.invokers.TestInvoker$MethodInvocationAgent.invoke(TestInvoker.java:957)
	at org.testng.internal.invokers.TestInvoker.invokeTestMethods(TestInvoker.java:200)
	at org.testng.internal.invokers.TestMethodWorker.invokeTestMethods(TestMethodWorker.java:148)
	at org.testng.internal.invokers.TestMethodWorker.run(TestMethodWorker.java:128)
	at java.base/java.util.ArrayList.forEach(ArrayList.java:1511)
	at org.testng.TestRunner.privateRun(TestRunner.java:848)
	at org.testng.TestRunner.run(TestRunner.java:621)
	at org.testng.SuiteRunner.runTest(SuiteRunner.java:443)
	at org.testng.SuiteRunner.runSequentially(SuiteRunner.java:437)
	at org.testng.SuiteRunner.privateRun(SuiteRunner.java:397)
	at org.testng.SuiteRunner.run(SuiteRunner.java:336)
	at org.testng.SuiteRunnerWorker.runSuite(SuiteRunnerWorker.java:52)
	at org.testng.SuiteRunnerWorker.run(SuiteRunnerWorker.java:95)
	at org.testng.TestNG.runSuitesSequentially(TestNG.java:1280)
	at org.testng.TestNG.runSuitesLocally(TestNG.java:1200)
	at org.testng.TestNG.runSuites(TestNG.java:1114)
	at org.testng.TestNG.run(TestNG.java:1082)
	at org.apache.maven.surefire.testng.TestNGExecutor.run(TestNGExecutor.java:283)
	at org.apache.maven.surefire.testng.TestNGXmlTestSuite.execute(TestNGXmlTestSuite.java:75)
	at org.apache.maven.surefire.testng.TestNGProvider.invoke(TestNGProvider.java:120)
	at org.apache.maven.surefire.booter.ForkedBooter.invokeProviderInSameClassLoader(ForkedBooter.java:384)
	at org.apache.maven.surefire.booter.ForkedBooter.runSuitesInProcess(ForkedBooter.java:345)
	at org.apache.maven.surefire.booter.ForkedBooter.execute(ForkedBooter.java:126)
	at org.apache.maven.surefire.booter.ForkedBooter.main(ForkedBooter.java:418)
</pre></div></td>
<td>1</td>
<td>com.conduit.request.ApiTest.DeleteArticelApiTest@878452d</td></tr>
</table><p>
<table width='100%' border='1' class='invocation-passed'>
<tr><td colspan='4' align='center'><b>PASSED TESTS</b></td></tr>
<tr><td><b>Test method</b></td>
<td><b>Attribute(s)</b></td>
<td width="30%"><b>Exception</b></td>
<td width="10%"><b>Time (seconds)</b></td>
<td><b>Instance</b></td>
</tr>
<tr>
<td title='com.conduit.request.ApiTest.articleAPITest.createNewArticle()'><b>createNewArticle</b><br>Test class: com.conduit.request.ApiTest.articleAPITest</td>
<td></td>
<td>0</td>
<td>com.conduit.request.ApiTest.articleAPITest@5922d3e9</td></tr>
<tr>
<td title='com.conduit.request.ApiTest.articleAPITest.createNewArticleViaTemplate()'><b>createNewArticleViaTemplate</b><br>Test class: com.conduit.request.ApiTest.articleAPITest<br>Parameters: com.conduit.request.Pojo.Request.Article@7262f848</td>
<td></td>
<td>0</td>
<td>com.conduit.request.ApiTest.articleAPITest@5922d3e9</td></tr>
<tr>
<td title='com.conduit.request.ApiTest.articleAPITestWithBeforeSuiteSetup.createNewArticleRequestNegativeSchemaValidation()'><b>createNewArticleRequestNegativeSchemaValidation</b><br>Test class: com.conduit.request.ApiTest.articleAPITestWithBeforeSuiteSetup</td>
<td></td>
<td>0</td>
<td>com.conduit.request.ApiTest.articleAPITestWithBeforeSuiteSetup@45cd8607</td></tr>
<tr>
<td title='com.conduit.request.ApiTest.updateArticleApiTest.updateArticleTest()'><b>updateArticleTest</b><br>Test class: com.conduit.request.ApiTest.updateArticleApiTest<br>Parameters: com.conduit.request.Pojo.Request.UpdateArticle.Article@6e4dfd4d</td>
<td></td>
<td>0</td>
<td>com.conduit.request.ApiTest.updateArticleApiTest@1bde9a22</td></tr>
<tr>
<td title='com.conduit.request.ApiTest.addCommentAPITest.addCommentAPITestViaTemplate()'><b>addCommentAPITestViaTemplate</b><br>Test class: com.conduit.request.ApiTest.addCommentAPITest<br>Parameters: Comment(body=Optio sed quas neque suscipit adipisci provident pariatur.)</td>
<td></td>
<td>0</td>
<td>com.conduit.request.ApiTest.addCommentAPITest@7d3430a7</td></tr>
<tr>
<td title='com.conduit.request.ApiTest.loginApiTest.setGetToken()'><b>setGetToken</b><br>Test class: com.conduit.request.ApiTest.loginApiTest</td>
<td></td>
<td>0</td>
<td>com.conduit.request.ApiTest.loginApiTest@507049f2</td></tr>
<tr>
<td title='com.conduit.request.ApiTest.articleAPITestWithBeforeSuiteSetup.createNewArticleViaTemplate()'><b>createNewArticleViaTemplate</b><br>Test class: com.conduit.request.ApiTest.articleAPITestWithBeforeSuiteSetup<br>Parameters: com.conduit.request.Pojo.Request.Article@2d86f17b</td>
<td></td>
<td>0</td>
<td>com.conduit.request.ApiTest.articleAPITestWithBeforeSuiteSetup@45cd8607</td></tr>
<tr>
<td title='com.conduit.request.ApiTest.articleAPITestWithBeforeSuiteSetup.createNewArticleResponseSchemaValidation()'><b>createNewArticleResponseSchemaValidation</b><br>Test class: com.conduit.request.ApiTest.articleAPITestWithBeforeSuiteSetup<br>Parameters: com.conduit.request.Pojo.Request.Article@340572ad</td>
<td></td>
<td>0</td>
<td>com.conduit.request.ApiTest.articleAPITestWithBeforeSuiteSetup@45cd8607</td></tr>
<tr>
<td title='com.conduit.request.ApiTest.loginApiTest.loginUser()'><b>loginUser</b><br>Test class: com.conduit.request.ApiTest.loginApiTest</td>
<td></td>
<td>1</td>
<td>com.conduit.request.ApiTest.loginApiTest@507049f2</td></tr>
<tr>
<td title='com.conduit.request.ApiTest.addCommentAPITest.addCommentAPITest()'><b>addCommentAPITest</b><br>Test class: com.conduit.request.ApiTest.addCommentAPITest</td>
<td></td>
<td>0</td>
<td>com.conduit.request.ApiTest.addCommentAPITest@7d3430a7</td></tr>
<tr>
<td title='com.conduit.request.ApiTest.articleAPITest.createNewArticleResponseNegativeSchemaValidation()'><b>createNewArticleResponseNegativeSchemaValidation</b><br>Test class: com.conduit.request.ApiTest.articleAPITest<br>Parameters: com.conduit.request.Pojo.Request.Article@51406cdd</td>
<td></td>
<td>0</td>
<td>com.conduit.request.ApiTest.articleAPITest@5922d3e9</td></tr>
<tr>
<td title='com.conduit.request.ApiTest.DeleteArticelApiTest.getSingleArticleBySlugTestNegative()'><b>getSingleArticleBySlugTestNegative</b><br>Test class: com.conduit.request.ApiTest.DeleteArticelApiTest</td>
<td></td>
<td>3</td>
<td>com.conduit.request.ApiTest.DeleteArticelApiTest@878452d</td></tr>
<tr>
<td title='com.conduit.request.ApiTest.articleAPITestWithBeforeSuiteSetup.createNewArticle()'><b>createNewArticle</b><br>Test class: com.conduit.request.ApiTest.articleAPITestWithBeforeSuiteSetup</td>
<td></td>
<td>0</td>
<td>com.conduit.request.ApiTest.articleAPITestWithBeforeSuiteSetup@45cd8607</td></tr>
<tr>
<td title='com.conduit.request.ApiTest.articleAPITest.createNewArticleResponseSchemaValidation()'><b>createNewArticleResponseSchemaValidation</b><br>Test class: com.conduit.request.ApiTest.articleAPITest<br>Parameters: com.conduit.request.Pojo.Request.Article@5066442d</td>
<td></td>
<td>1</td>
<td>com.conduit.request.ApiTest.articleAPITest@5922d3e9</td></tr>
<tr>
<td title='com.conduit.request.ApiTest.articleAPITestWithBeforeSuiteSetup.createNewArticleRequestSchemaValidation()'><b>createNewArticleRequestSchemaValidation</b><br>Test class: com.conduit.request.ApiTest.articleAPITestWithBeforeSuiteSetup</td>
<td></td>
<td>0</td>
<td>com.conduit.request.ApiTest.articleAPITestWithBeforeSuiteSetup@45cd8607</td></tr>
<tr>
<td title='com.conduit.request.ApiTest.articleAPITestWithBeforeSuiteSetup.createNewArticleResponseNegativeSchemaValidation()'><b>createNewArticleResponseNegativeSchemaValidation</b><br>Test class: com.conduit.request.ApiTest.articleAPITestWithBeforeSuiteSetup<br>Parameters: com.conduit.request.Pojo.Request.Article@4a716a73</td>
<td></td>
<td>0</td>
<td>com.conduit.request.ApiTest.articleAPITestWithBeforeSuiteSetup@45cd8607</td></tr>
<tr>
<td title='com.conduit.request.ApiTest.articleAPITest.createNewArticleRequestSchemaValidation()'><b>createNewArticleRequestSchemaValidation</b><br>Test class: com.conduit.request.ApiTest.articleAPITest</td>
<td></td>
<td>0</td>
<td>com.conduit.request.ApiTest.articleAPITest@5922d3e9</td></tr>
<tr>
<td title='com.conduit.request.ApiTest.articleAPITest.createNewArticleRequestNegativeSchemaValidation()'><b>createNewArticleRequestNegativeSchemaValidation</b><br>Test class: com.conduit.request.ApiTest.articleAPITest</td>
<td></td>
<td>0</td>
<td>com.conduit.request.ApiTest.articleAPITest@5922d3e9</td></tr>
</table><p>
</body>
</html>