{"uid":"3323fbe972c31bac","name":"createNewArticleResponseSchemaValidation","fullName":"com.conduit.request.ApiTest.articleAPITest.createNewArticleResponseSchemaValidation","historyId":"91577cff0d5626c0ba1fdd29ed76b80b","time":{"start":1748021852265,"stop":1748021852265,"duration":0},"status":"broken","statusMessage":"java.lang.IllegalArgumentException: com.conduit.request.Pojo.Request.Article-> No such label: validArticle","statusTrace":"java.lang.RuntimeException: java.lang.IllegalArgumentException: com.conduit.request.Pojo.Request.Article-> No such label: validArticle\n\tat org.testng.internal.invokers.MethodInvocationHelper.invokeMethodNoCheckedException(MethodInvocationHelper.java:57)\n\tat org.testng.internal.invokers.MethodInvocationHelper.invokeDataProvider(MethodInvocationHelper.java:157)\n\tat org.testng.internal.Parameters.handleParameters(Parameters.java:803)\n\tat org.testng.internal.Parameters.handleParameters(Parameters.java:728)\n\tat org.testng.internal.invokers.ParameterHandler.handleParameters(ParameterHandler.java:72)\n\tat org.testng.internal.invokers.ParameterHandler.createParameters(ParameterHandler.java:51)\n\tat org.testng.internal.invokers.TestInvoker$MethodInvocationAgent.invoke(TestInvoker.java:911)\n\tat org.testng.internal.invokers.TestInvoker.invokeTestMethods(TestInvoker.java:200)\n\tat org.testng.internal.invokers.TestMethodWorker.invokeTestMethods(TestMethodWorker.java:148)\n\tat org.testng.internal.invokers.TestMethodWorker.run(TestMethodWorker.java:128)\n\tat java.base/java.util.ArrayList.forEach(ArrayList.java:1541)\n\tat org.testng.TestRunner.privateRun(TestRunner.java:848)\n\tat org.testng.TestRunner.run(TestRunner.java:621)\n\tat org.testng.SuiteRunner.runTest(SuiteRunner.java:443)\n\tat org.testng.SuiteRunner.runSequentially(SuiteRunner.java:437)\n\tat org.testng.SuiteRunner.privateRun(SuiteRunner.java:397)\n\tat org.testng.SuiteRunner.run(SuiteRunner.java:336)\n\tat org.testng.SuiteRunnerWorker.runSuite(SuiteRunnerWorker.java:52)\n\tat org.testng.SuiteRunnerWorker.run(SuiteRunnerWorker.java:95)\n\tat org.testng.TestNG.runSuitesSequentially(TestNG.java:1280)\n\tat org.testng.TestNG.runSuitesLocally(TestNG.java:1200)\n\tat org.testng.TestNG.runSuites(TestNG.java:1114)\n\tat org.testng.TestNG.run(TestNG.java:1082)\n\tat org.apache.maven.surefire.testng.TestNGExecutor.run(TestNGExecutor.java:308)\n\tat org.apache.maven.surefire.testng.TestNGXmlTestSuite.execute(TestNGXmlTestSuite.java:71)\n\tat org.apache.maven.surefire.testng.TestNGProvider.invoke(TestNGProvider.java:113)\n\tat org.apache.maven.surefire.booter.ForkedBooter.runSuitesInProcess(ForkedBooter.java:385)\n\tat org.apache.maven.surefire.booter.ForkedBooter.execute(ForkedBooter.java:162)\n\tat org.apache.maven.surefire.booter.ForkedBooter.run(ForkedBooter.java:507)\n\tat org.apache.maven.surefire.booter.ForkedBooter.main(ForkedBooter.java:495)\nCaused by: java.lang.IllegalArgumentException: com.conduit.request.Pojo.Request.Article-> No such label: validArticle\n\tat br.com.six2six.fixturefactory.ObjectFactory.findRule(ObjectFactory.java:162)\n\tat br.com.six2six.fixturefactory.ObjectFactory.gimme(ObjectFactory.java:60)\n\tat com.conduit.Factory.PojoFactory.getObject(PojoFactory.java:14)\n\tat com.conduit.util.FixturesTemplates.DataProvider.getArticleTemplate(DataProvider.java:35)\n\tat java.base/jdk.internal.reflect.NativeMethodAccessorImpl.invoke0(Native Method)\n\tat java.base/jdk.internal.reflect.NativeMethodAccessorImpl.invoke(NativeMethodAccessorImpl.java:62)\n\tat java.base/jdk.internal.reflect.DelegatingMethodAccessorImpl.invoke(DelegatingMethodAccessorImpl.java:43)\n\tat java.base/java.lang.reflect.Method.invoke(Method.java:566)\n\tat org.testng.internal.invokers.MethodInvocationHelper.invokeMethod(MethodInvocationHelper.java:139)\n\tat org.testng.internal.invokers.MethodInvocationHelper.invokeMethod(MethodInvocationHelper.java:84)\n\tat org.testng.internal.invokers.MethodInvocationHelper.invokeMethodNoCheckedException(MethodInvocationHelper.java:53)\n\t... 29 more\n","flaky":false,"newFailed":false,"newBroken":false,"newPassed":false,"retriesCount":0,"retriesStatusChange":false,"beforeStages":[],"afterStages":[],"labels":[{"name":"package","value":"com.conduit.request.ApiTest.articleAPITest"},{"name":"testClass","value":"com.conduit.request.ApiTest.articleAPITest"},{"name":"testMethod","value":"createNewArticleResponseSchemaValidation"},{"name":"parentSuite","value":"Regression API Test Suite"},{"name":"suite","value":"F:/RestAPIAutoEcomm/src/test/java/com/conduit/request/ApiTest"},{"name":"subSuite","value":"com.conduit.request.ApiTest.articleAPITest"},{"name":"host","value":"fv-az1945-872"},{"name":"thread","value":"2525@fv-az1945-872.main(1)"},{"name":"framework","value":"testng"},{"name":"language","value":"java"},{"name":"resultFormat","value":"allure2"}],"parameters":[],"links":[],"hidden":false,"retry":false,"extra":{"severity":"normal","retries":[],"categories":[{"name":"Test defects","matchedStatuses":[]}],"tags":[]},"source":"3323fbe972c31bac.json","parameterValues":[]}